#
# There is insufficient memory for the Java Runtime Environment to continue.
# Native memory allocation (malloc) failed to allocate 2400656 bytes for Chunk::new
# Possible reasons:
#   The system is out of physical RAM or swap space
#   The process is running with CompressedOops enabled, and the Java Heap may be blocking the growth of the native heap
# Possible solutions:
#   Reduce memory load on the system
#   Increase physical memory or swap space
#   Check if swap backing store is full
#   Decrease Java heap size (-Xmx/-Xms)
#   Decrease number of Java threads
#   Decrease Java thread stack sizes (-Xss)
#   Set larger code cache with -XX:ReservedCodeCacheSize=
#   JVM is running with Zero Based Compressed Oops mode in which the Java heap is
#     placed in the first 32GB address space. The Java Heap base address is the
#     maximum limit for the native heap growth. Please use -XX:HeapBaseMinAddress
#     to set the Java Heap base and to place the Java Heap above 32GB virtual address.
# This output file may be truncated or incomplete.
#
#  Out of Memory Error (allocation.cpp:389), pid=27740, tid=0x0000000000007d38
#
# JRE version: Java(TM) SE Runtime Environment (8.0_251-b08) (build 1.8.0_251-b08)
# Java VM: Java HotSpot(TM) 64-Bit Server VM (25.251-b08 mixed mode windows-amd64 compressed oops)
# Failed to write core dump. Minidumps are not enabled by default on client versions of Windows
#

---------------  T H R E A D  ---------------

Current thread (0x000000001e638000):  JavaThread "C2 CompilerThread2" daemon [_thread_in_native, id=32056, stack(0x000000001efa0000,0x000000001f0a0000)]

Stack: [0x000000001efa0000,0x000000001f0a0000]
[error occurred during error reporting (printing stack bounds), id 0xc0000005]

Native frames: (J=compiled Java code, j=interpreted, Vv=VM code, C=native code)


Current CompileTask:
C2:   2160 1591       4       java.net.URLClassLoader$1::run (5 bytes)


---------------  P R O C E S S  ---------------

Java Threads: ( => current thread )
  0x000000001e6c7000 JavaThread "Service Thread" daemon [_thread_blocked, id=26808, stack(0x000000001f1a0000,0x000000001f2a0000)]
  0x000000001e647800 JavaThread "C1 CompilerThread3" daemon [_thread_blocked, id=24020, stack(0x000000001f0a0000,0x000000001f1a0000)]
=>0x000000001e638000 JavaThread "C2 CompilerThread2" daemon [_thread_in_native, id=32056, stack(0x000000001efa0000,0x000000001f0a0000)]
  0x000000001e637000 JavaThread "C2 CompilerThread1" daemon [_thread_in_native, id=27992, stack(0x000000001eea0000,0x000000001efa0000)]
  0x000000001e630000 JavaThread "C2 CompilerThread0" daemon [_thread_in_native, id=26852, stack(0x000000001eda0000,0x000000001eea0000)]
  0x000000001e62f000 JavaThread "Attach Listener" daemon [_thread_blocked, id=3500, stack(0x000000001eca0000,0x000000001eda0000)]
  0x000000001e5dc000 JavaThread "Signal Dispatcher" daemon [_thread_blocked, id=1316, stack(0x000000001eba0000,0x000000001eca0000)]
  0x000000001e5c0800 JavaThread "Finalizer" daemon [_thread_blocked, id=11228, stack(0x000000001eaa0000,0x000000001eba0000)]
  0x000000001c7cd000 JavaThread "Reference Handler" daemon [_thread_blocked, id=8008, stack(0x000000001e9a0000,0x000000001eaa0000)]
  0x0000000002d02800 JavaThread "main" [_thread_in_vm, id=20252, stack(0x0000000002b10000,0x0000000002c10000)]

Other Threads:
  0x000000001c7c9000 VMThread [stack: 0x000000001e4a0000,0x000000001e5a0000] [id=29860]
  0x000000001e658000 WatcherThread [stack: 0x000000001f2a0000,0x000000001f3a0000] [id=24852]

VM state:not at safepoint (normal execution)

VM Mutex/Monitor currently owned by a thread: None

heap address: 0x00000006c2200000, size: 4062 MB, Compressed Oops mode: Zero based, Oop shift amount: 3
Narrow klass base: 0x0000000000000000, Narrow klass shift: 3
Compressed class space size: 1073741824 Address: 0x00000007c0000000

Heap:
 PSYoungGen      total 75776K, used 48782K [0x000000076b600000, 0x0000000770a80000, 0x00000007c0000000)
  eden space 65024K, 58% used [0x000000076b600000,0x000000076db262f0,0x000000076f580000)
  from space 10752K, 99% used [0x000000076f580000,0x000000076fffd7a0,0x0000000770000000)
  to   space 10752K, 0% used [0x0000000770000000,0x0000000770000000,0x0000000770a80000)
 ParOldGen       total 173568K, used 16K [0x00000006c2200000, 0x00000006ccb80000, 0x000000076b600000)
  object space 173568K, 0% used [0x00000006c2200000,0x00000006c2204000,0x00000006ccb80000)
 Metaspace       used 15713K, capacity 15970K, committed 16128K, reserved 1062912K
  class space    used 1885K, capacity 1978K, committed 2048K, reserved 1048576K

Card table byte_map: [0x00000000121c0000,0x00000000129b0000] byte_map_base: 0x000000000ebaf000

Marking Bits: (ParMarkBitMap*) 0x0000000053b8af90
 Begin Bits: [0x0000000013700000, 0x0000000017678000)
 End Bits:   [0x0000000017678000, 0x000000001b5f0000)

Polling page: 0x0000000000b50000

CodeCache: size=245760Kb used=7146Kb max_used=7151Kb free=238613Kb
 bounds [0x0000000002e00000, 0x0000000003510000, 0x0000000011e00000]
 total_blobs=2436 nmethods=2062 adapters=286
 compilation: enabled

Compilation events (10 events):
Event: 2.113 Thread 0x000000001e647800 2000       3       java.util.Collections$UnmodifiableMap$UnmodifiableEntrySet$1::next (20 bytes)
Event: 2.113 Thread 0x000000001e647800 nmethod 2000 0x00000000034bc350 code [0x00000000034bc500, 0x00000000034bca98]
Event: 2.113 Thread 0x000000001e630000 nmethod 1947 0x00000000034bccd0 code [0x00000000034bcf00, 0x00000000034bd9a8]
Event: 2.113 Thread 0x000000001e630000 1996       4       java.lang.String::<init> (10 bytes)
Event: 2.114 Thread 0x000000001e630000 nmethod 1996 0x00000000034ae210 code [0x00000000034ae340, 0x00000000034ae3b8]
Event: 2.114 Thread 0x000000001e630000 1969       4       java.util.HashMap::containsKey (18 bytes)
Event: 2.116 Thread 0x000000001e647800 2001       3       java.util.Collections$UnmodifiableMap$UnmodifiableEntrySet$UnmodifiableEntry::getKey (10 bytes)
Event: 2.116 Thread 0x000000001e647800 nmethod 2001 0x00000000034bb450 code [0x00000000034bb5c0, 0x00000000034bb7e8]
Event: 2.116 Thread 0x000000001e647800 2002       3       java.util.Collections$UnmodifiableMap$UnmodifiableEntrySet$UnmodifiableEntry::getValue (10 bytes)
Event: 2.116 Thread 0x000000001e647800 nmethod 2002 0x00000000034bb010 code [0x00000000034bb180, 0x00000000034bb3a8]

GC Heap History (2 events):
Event: 1.540 GC heap before
{Heap before GC invocations=1 (full 0):
 PSYoungGen      total 75776K, used 65024K [0x000000076b600000, 0x0000000770a80000, 0x00000007c0000000)
  eden space 65024K, 100% used [0x000000076b600000,0x000000076f580000,0x000000076f580000)
  from space 10752K, 0% used [0x0000000770000000,0x0000000770000000,0x0000000770a80000)
  to   space 10752K, 0% used [0x000000076f580000,0x000000076f580000,0x0000000770000000)
 ParOldGen       total 173568K, used 0K [0x00000006c2200000, 0x00000006ccb80000, 0x000000076b600000)
  object space 173568K, 0% used [0x00000006c2200000,0x00000006c2200000,0x00000006ccb80000)
 Metaspace       used 12262K, capacity 12472K, committed 12672K, reserved 1060864K
  class space    used 1505K, capacity 1575K, committed 1664K, reserved 1048576K
Event: 1.548 GC heap after
Heap after GC invocations=1 (full 0):
 PSYoungGen      total 75776K, used 10741K [0x000000076b600000, 0x0000000770a80000, 0x00000007c0000000)
  eden space 65024K, 0% used [0x000000076b600000,0x000000076b600000,0x000000076f580000)
  from space 10752K, 99% used [0x000000076f580000,0x000000076fffd7a0,0x0000000770000000)
  to   space 10752K, 0% used [0x0000000770000000,0x0000000770000000,0x0000000770a80000)
 ParOldGen       total 173568K, used 16K [0x00000006c2200000, 0x00000006ccb80000, 0x000000076b600000)
  object space 173568K, 0% used [0x00000006c2200000,0x00000006c2204000,0x00000006ccb80000)
 Metaspace       used 12262K, capacity 12472K, committed 12672K, reserved 1060864K
  class space    used 1505K, capacity 1575K, committed 1664K, reserved 1048576K
}

Deoptimization events (10 events):
Event: 1.847 Thread 0x0000000002d02800 Uncommon trap: reason=unstable_if action=reinterpret pc=0x0000000003016cd8 method=java.lang.AbstractStringBuilder.append(Ljava/lang/String;)Ljava/lang/AbstractStringBuilder; @ 1
Event: 1.848 Thread 0x0000000002d02800 Uncommon trap: reason=unstable_if action=reinterpret pc=0x0000000002fed410 method=java.lang.AbstractStringBuilder.append(Ljava/lang/String;)Ljava/lang/AbstractStringBuilder; @ 1
Event: 1.854 Thread 0x0000000002d02800 Uncommon trap: reason=unstable_if action=reinterpret pc=0x0000000002fd3b10 method=java.lang.String.replace(CC)Ljava/lang/String; @ 2
Event: 1.953 Thread 0x0000000002d02800 Uncommon trap: reason=unstable_if action=reinterpret pc=0x00000000033c8ac8 method=org.codehaus.plexus.util.xml.pull.MXParser.nextImpl()I @ 879
Event: 1.975 Thread 0x0000000002d02800 Uncommon trap: reason=unstable_if action=reinterpret pc=0x00000000033f7d78 method=java.lang.String.trim()Ljava/lang/String; @ 63
Event: 1.975 Thread 0x0000000002d02800 Uncommon trap: reason=unstable_if action=reinterpret pc=0x00000000033e84f4 method=org.codehaus.plexus.util.xml.pull.MXParser.isS(C)Z @ 21
Event: 1.975 Thread 0x0000000002d02800 Uncommon trap: reason=unstable_if action=reinterpret pc=0x00000000033d54a8 method=org.codehaus.plexus.util.xml.pull.MXParser.isS(C)Z @ 21
Event: 1.991 Thread 0x0000000002d02800 Uncommon trap: reason=unstable_if action=reinterpret pc=0x000000000340f71c method=sun.nio.cs.UTF_8$Decoder.decodeArrayLoop(Ljava/nio/ByteBuffer;Ljava/nio/CharBuffer;)Ljava/nio/charset/CoderResult; @ 167
Event: 2.003 Thread 0x0000000002d02800 Uncommon trap: reason=null_check action=make_not_entrant pc=0x00000000034340e0 method=org.apache.maven.model.io.xpp3.MavenXpp3ReaderEx.checkFieldWithDuplicate(Lorg/codehaus/plexus/util/xml/pull/XmlPullParser;Ljava/lang/String;Ljava/lang/String;Ljava/util/
Event: 2.073 Thread 0x0000000002d02800 Uncommon trap: reason=unstable_if action=reinterpret pc=0x0000000003481d04 method=org.apache.maven.model.validation.DefaultModelValidator.isValidIdCharacter(C)Z @ 51

Classes redefined (0 events):
No events

Internal exceptions (10 events):
Event: 1.669 Thread 0x0000000002d02800 Exception <a 'java/lang/NoClassDefFoundError': javax/annotation/Priority> (0x000000076bec71a0) thrown at [C:\jenkins\workspace\8-2-build-windows-amd64-cygwin\jdk8u251\737\hotspot\src\share\vm\classfile\systemDictionary.cpp, line 199]
Event: 1.819 Thread 0x0000000002d02800 Exception <a 'java/lang/NullPointerException'> (0x000000076c628c00) thrown at [C:\jenkins\workspace\8-2-build-windows-amd64-cygwin\jdk8u251\737\hotspot\src\share\vm\interpreter\linkResolver.cpp, line 1185]
Event: 1.819 Thread 0x0000000002d02800 Exception <a 'java/lang/NullPointerException'> (0x000000076c628e18) thrown at [C:\jenkins\workspace\8-2-build-windows-amd64-cygwin\jdk8u251\737\hotspot\src\share\vm\interpreter\linkResolver.cpp, line 1185]
Event: 1.819 Thread 0x0000000002d02800 Exception <a 'java/lang/NullPointerException'> (0x000000076c629030) thrown at [C:\jenkins\workspace\8-2-build-windows-amd64-cygwin\jdk8u251\737\hotspot\src\share\vm\interpreter\linkResolver.cpp, line 1185]
Event: 1.820 Thread 0x0000000002d02800 Exception <a 'java/lang/NullPointerException'> (0x000000076c630968) thrown at [C:\jenkins\workspace\8-2-build-windows-amd64-cygwin\jdk8u251\737\hotspot\src\share\vm\interpreter\linkResolver.cpp, line 1185]
Event: 1.820 Thread 0x0000000002d02800 Exception <a 'java/lang/NullPointerException'> (0x000000076c630b80) thrown at [C:\jenkins\workspace\8-2-build-windows-amd64-cygwin\jdk8u251\737\hotspot\src\share\vm\interpreter\linkResolver.cpp, line 1185]
Event: 1.820 Thread 0x0000000002d02800 Exception <a 'java/lang/NullPointerException'> (0x000000076c630d98) thrown at [C:\jenkins\workspace\8-2-build-windows-amd64-cygwin\jdk8u251\737\hotspot\src\share\vm\interpreter\linkResolver.cpp, line 1185]
Event: 1.847 Thread 0x0000000002d02800 Implicit null exception at 0x0000000003016916 to 0x0000000003016cc1
Event: 1.848 Thread 0x0000000002d02800 Implicit null exception at 0x0000000002fed056 to 0x0000000002fed3f9
Event: 2.003 Thread 0x0000000002d02800 Implicit null exception at 0x0000000003432db1 to 0x00000000034340c9

Events (10 events):
Event: 2.112 loading class java/util/TreeMap$Values
Event: 2.112 loading class java/util/TreeMap$Values done
Event: 2.112 loading class java/util/TreeMap$ValueIterator
Event: 2.112 loading class java/util/TreeMap$ValueIterator done
Event: 2.112 loading class org/apache/maven/plugin/DefaultPluginDescriptorCache$CacheKey
Event: 2.112 loading class org/apache/maven/plugin/DefaultPluginDescriptorCache$CacheKey done
Event: 2.116 loading class org/apache/maven/repository/internal/DefaultModelCache
Event: 2.116 loading class org/apache/maven/repository/internal/DefaultModelCache done
Event: 2.116 loading class org/apache/maven/repository/internal/DefaultModelResolver
Event: 2.116 loading class org/apache/maven/repository/internal/DefaultModelResolver done


Dynamic libraries:
0x00007ff75dd20000 - 0x00007ff75dd57000 	C:\Program Files\Java\jdk1.8.0_251\bin\java.exe
0x00007fffee1a0000 - 0x00007fffee390000 	C:\WINDOWS\SYSTEM32\ntdll.dll
0x00007fffec550000 - 0x00007fffec602000 	C:\WINDOWS\System32\KERNEL32.DLL
0x00007fffebcd0000 - 0x00007fffebf75000 	C:\WINDOWS\System32\KERNELBASE.dll
0x00007fffec350000 - 0x00007fffec3f3000 	C:\WINDOWS\System32\ADVAPI32.dll
0x00007fffed450000 - 0x00007fffed4ee000 	C:\WINDOWS\System32\msvcrt.dll
0x00007fffeda80000 - 0x00007fffedb17000 	C:\WINDOWS\System32\sechost.dll
0x00007fffed7d0000 - 0x00007fffed8ef000 	C:\WINDOWS\System32\RPCRT4.dll
0x00007fffed2b0000 - 0x00007fffed444000 	C:\WINDOWS\System32\USER32.dll
0x00007fffec040000 - 0x00007fffec061000 	C:\WINDOWS\System32\win32u.dll
0x00007fffec250000 - 0x00007fffec276000 	C:\WINDOWS\System32\GDI32.dll
0x00007fffeb110000 - 0x00007fffeb2a8000 	C:\WINDOWS\System32\gdi32full.dll
0x00007fffeb2b0000 - 0x00007fffeb34e000 	C:\WINDOWS\System32\msvcp_win.dll
0x00007fffeb400000 - 0x00007fffeb4fa000 	C:\WINDOWS\System32\ucrtbase.dll
0x00007fffdd480000 - 0x00007fffdd704000 	C:\WINDOWS\WinSxS\amd64_microsoft.windows.common-controls_6595b64144ccf1df_6.0.18362.1556_none_9e7e372fe45e41d5\COMCTL32.dll
0x00007fffecf70000 - 0x00007fffed2a6000 	C:\WINDOWS\System32\combase.dll
0x00007fffebfb0000 - 0x00007fffec031000 	C:\WINDOWS\System32\bcryptPrimitives.dll
0x00007fffee0d0000 - 0x00007fffee0fe000 	C:\WINDOWS\System32\IMM32.DLL
0x0000000053c10000 - 0x0000000053ce2000 	C:\Program Files\Java\jdk1.8.0_251\jre\bin\msvcr100.dll
0x0000000053360000 - 0x0000000053c0b000 	C:\Program Files\Java\jdk1.8.0_251\jre\bin\server\jvm.dll
0x00007fffecf60000 - 0x00007fffecf68000 	C:\WINDOWS\System32\PSAPI.DLL
0x00007fffddef0000 - 0x00007fffddefa000 	C:\WINDOWS\SYSTEM32\VERSION.dll
0x00007fffd0430000 - 0x00007fffd0439000 	C:\WINDOWS\SYSTEM32\WSOCK32.dll
0x00007fffe8bb0000 - 0x00007fffe8bd4000 	C:\WINDOWS\SYSTEM32\WINMM.dll
0x00007fffeda00000 - 0x00007fffeda6f000 	C:\WINDOWS\System32\WS2_32.dll
0x00007fffe8a50000 - 0x00007fffe8a7d000 	C:\WINDOWS\SYSTEM32\winmmbase.dll
0x00007fffeb500000 - 0x00007fffeb54a000 	C:\WINDOWS\System32\cfgmgr32.dll
0x00007fffdd200000 - 0x00007fffdd20f000 	C:\Program Files\Java\jdk1.8.0_251\jre\bin\verify.dll
0x00007fffdd1d0000 - 0x00007fffdd1f9000 	C:\Program Files\Java\jdk1.8.0_251\jre\bin\java.dll
0x00007fffd7240000 - 0x00007fffd7256000 	C:\Program Files\Java\jdk1.8.0_251\jre\bin\zip.dll
0x00007fffec610000 - 0x00007fffeccf7000 	C:\WINDOWS\System32\SHELL32.dll
0x00007fffec280000 - 0x00007fffec328000 	C:\WINDOWS\System32\shcore.dll
0x00007fffeb550000 - 0x00007fffebccb000 	C:\WINDOWS\System32\windows.storage.dll
0x00007fffeb080000 - 0x00007fffeb09e000 	C:\WINDOWS\System32\profapi.dll
0x00007fffeb0c0000 - 0x00007fffeb10a000 	C:\WINDOWS\System32\powrprof.dll
0x00007fffeb050000 - 0x00007fffeb060000 	C:\WINDOWS\System32\UMPDC.dll
0x00007fffee100000 - 0x00007fffee152000 	C:\WINDOWS\System32\shlwapi.dll
0x00007fffeb060000 - 0x00007fffeb071000 	C:\WINDOWS\System32\kernel.appcore.dll
0x00007fffec070000 - 0x00007fffec087000 	C:\WINDOWS\System32\cryptsp.dll
0x00007fffea410000 - 0x00007fffea443000 	C:\WINDOWS\system32\rsaenh.dll
0x00007fffebf80000 - 0x00007fffebfa6000 	C:\WINDOWS\System32\bcrypt.dll
0x00007fffeaf70000 - 0x00007fffeaf95000 	C:\WINDOWS\SYSTEM32\USERENV.dll
0x00007fffeaa60000 - 0x00007fffeaa6c000 	C:\WINDOWS\SYSTEM32\CRYPTBASE.dll
0x00007fffd6080000 - 0x00007fffd609a000 	C:\Program Files\Java\jdk1.8.0_251\jre\bin\net.dll
0x00007fffea890000 - 0x00007fffea8f7000 	C:\WINDOWS\system32\mswsock.dll
0x00007fffea5a0000 - 0x00007fffea5da000 	C:\WINDOWS\SYSTEM32\IPHLPAPI.DLL
0x00007fffeda70000 - 0x00007fffeda78000 	C:\WINDOWS\System32\NSI.dll
0x00007fffe2400000 - 0x00007fffe2416000 	C:\WINDOWS\SYSTEM32\dhcpcsvc6.DLL
0x00007fffe31f0000 - 0x00007fffe320c000 	C:\WINDOWS\SYSTEM32\dhcpcsvc.DLL
0x00007fffea5e0000 - 0x00007fffea6ab000 	C:\WINDOWS\SYSTEM32\DNSAPI.dll
0x00007fffcf910000 - 0x00007fffcf922000 	C:\Program Files\Java\jdk1.8.0_251\jre\bin\nio.dll
0x00007fffd7230000 - 0x00007fffd723a000 	D:\Temp\jansi-1.17.1-7064833696223646482.dll
0x00007fffd6070000 - 0x00007fffd607a000 	D:\Temp\jansi-1.17.1-6701230527061316223.dll

VM Arguments:
jvm_args: -Dmaven.multiModuleProjectDirectory=D:\java应用技术课设\JavaEECS\CampusRecreation -Dmaven.home=D:\Maven\apache-maven-3.6.3 -Dclassworlds.conf=D:\Maven\apache-maven-3.6.3\bin\m2.conf -Dmaven.ext.class.path=D:\IntelliJ IDEA\IntelliJ IDEA 2020.1.1\plugins\maven\lib\maven-event-listener.jar -Dfile.encoding=UTF-8 
java_command: org.codehaus.classworlds.Launcher -Didea.version2020.1.1 --update-snapshots install
java_class_path (initial): D:\Maven\apache-maven-3.6.3\boot\plexus-classworlds-2.6.0.jar;D:\Maven\apache-maven-3.6.3\boot\plexus-classworlds.license
Launcher Type: SUN_STANDARD

Environment Variables:
JAVA_HOME=C:\Users\林半仙儿\Desktop\Java
CLASSPATH=C:\Users\林半仙儿\Desktop\jdk-11\lib;C:\Users\林半仙儿\Desktop\Java\lib;.;
PATH=C:\Program Files (x86)\Common Files\Oracle\Java\javapath;C:\Program Files (x86)\Microsoft SQL Server\130\Tools\Binn\;C:\Program Files\Microsoft SQL Server\130\Tools\Binn\;C:\Program Files (x86)\Microsoft SQL Server\130\DTS\Binn\;C:\Program Files\Microsoft SQL Server\130\DTS\Binn\;C:\Program Files\Microsoft SQL Server\Client SDK\ODBC\130\Tools\Binn\;C:\Program Files (x86)\Microsoft SQL Server\150\DTS\Binn\;C:\Program Files\NVIDIA Corporation\NVIDIA NvDLISR;C:\windows\system32;"C:\Program Files\Java\jdk-11.0.7\bin;C:\Program Files\Java\jdk-11.0.7\jre\bin;";C:\Program Files\MySQL\MySQL Server 8.0\bin;D:\MATLAB\MATLAB\runtime\win64;D:\MATLAB\MATLAB\bin;D:\MATLAB\MATLAB\polyspace\bin;D:\TortoiseSVN\bin;D:\OpenSSH\bin;C:\Program Files\MySQL\MySQL Server 8.0\bin;D:\Node.js\;D:\Maven\apache-maven-3.6.3\bin;C:\Users\林半仙儿\Desktop\jdk-11\bin;C:\Users\林半仙儿\AppData\Local\Microsoft\WindowsApps;C:\Users\林半仙儿\Desktop\Java\bin;D:\IntelliJ IDEA Community Edition 2019.2\bin;;D:\Microsoft VS Code\bin;D:\bandizip\;C:\Users\林半仙儿\AppData\Roaming\npm
USERNAME=林半仙儿
OS=Windows_NT
PROCESSOR_IDENTIFIER=Intel64 Family 6 Model 158 Stepping 10, GenuineIntel



---------------  S Y S T E M  ---------------

OS: Windows 10.0 , 64 bit Build 18362 (10.0.18362.1500)

CPU:total 8 (initial active 8) (4 cores per cpu, 2 threads per core) family 6 model 158 stepping 10, cmov, cx8, fxsr, mmx, sse, sse2, sse3, ssse3, sse4.1, sse4.2, popcnt, avx, avx2, aes, clmul, erms, 3dnowpref, lzcnt, ht, tsc, tscinvbit, bmi1, bmi2, adx

Memory: 4k page, physical 16634436k(4283440k free), swap 25779748k(6664k free)

vm_info: Java HotSpot(TM) 64-Bit Server VM (25.251-b08) for windows-amd64 JRE (1.8.0_251-b08), built on Mar 12 2020 06:31:49 by "" with MS VC++ 10.0 (VS2010)

time: Wed Jun 23 00:05:18 2021
timezone: 中国标准时间
elapsed time: 2 seconds (0d 0h 0m 2s)

